Build started 10/28/2013 3:38:19 AM.
     1>Project "J:\JoMike Library\J_Utile\J_Utile.vcxproj" on node 3 (Build target(s)).
     1>ClCompile:
         J:\Program Files (x86)\Microsoft Visual Studio 12.0\VC\bin\CL.exe /c /Zi /nologo /W4 /WX- /sdl /O2 /Oi /Oy- /GL /D _MBCS /Gm- /EHsc /MD /GS /Gy /fp:precise /Zc:wchar_t /Zc:forScope /Fo"Release\\" /Fd"Release\vc120.pdb" /Gd /TP /wd4250 /wd4996 /wd4512 /analyze- /errorReport:prompt ..\J_Error\J_Error.cpp j_limits.cpp j_type.cpp J_Utile.cpp
         J_Error.cpp
     1>J:/JoMike Library/J_Utile/J_Fwd_Decl.h(17): error C2338: No VLD Found
         j_limits.cpp
     1>j:\jomike library\j_utile\J_Fwd_Decl.h(17): error C2338: No VLD Found
         j_type.cpp
         J_Utile.cpp
     1>J:/JoMike Library/J_Utile/J_Fwd_Decl.h(17): error C2338: No VLD Found
     1>Done Building Project "J:\JoMike Library\J_Utile\J_Utile.vcxproj" (Build target(s)) -- FAILED.

Build FAILED.

Time Elapsed 00:00:01.78
