Build started 11/14/2013 8:52:15 PM.
     1>Project "J:\JoMike Library\J_Utile\J_Utile.vcxproj" on node 2 (Build target(s)).
     1>ClCompile:
         J:\Program Files (x86)\Microsoft Visual Studio 12.0\VC\bin\CL.exe /c /ZI /nologo /W3 /WX- /sdl /Od /Oy- /D _SCL_SECURE_NO_WARNINGS /D _UNICODE /D UNICODE /D _UNICODE /D UNICODE /Gm /EHsc /RTC1 /MDd /GS /fp:precise /Zc:wchar_t /Zc:forScope /Fo"Debug\\" /Fd"Debug\vc120.pdb" /Gd /TP /wd4800 /wd4706 /wd4512 /wd4290 /wd4996 /wd4510 /wd4511 /wd4250 /analyze- /errorReport:prompt ..\J_Error\J_Error.cpp J_Utile.cpp j_limits.cpp
         j_limits.cpp
     1>j:\jomike library\j_utile\j_fwd_decl.h(17): error C2338: No VLD Found
         J_Utile.cpp
     1>j:\jomike library\j_utile\j_fwd_decl.h(17): error C2338: No VLD Found
         J_Error.cpp
     1>j:\jomike library\j_utile\j_fwd_decl.h(17): error C2338: No VLD Found
         Generating Code...
     1>Done Building Project "J:\JoMike Library\J_Utile\J_Utile.vcxproj" (Build target(s)) -- FAILED.

Build FAILED.

Time Elapsed 00:00:00.77
